c:\mqtt\sdkroot\sdk\clients\c\samples\debug\vc140.pdb
c:\mqtt\sdkroot\sdk\clients\c\samples\debug\mysql.obj
c:\mqtt\sdkroot\sdk\clients\c\samples\debug\main.obj
c:\mqtt\sdkroot\sdk\clients\c\samples\debug\mqttv3sample.obj
c:\mqtt\sdkroot\sdk\clients\c\samples\debug\mqttapp.obj
c:\mqtt\sdkroot\sdk\clients\c\samples\debug\ambientdata.obj
c:\mqtt\sdkroot\sdk\clients\c\samples\debug\.netframework,version=v4.0.assemblyattributes.obj
c:\mqtt\sdkroot\sdk\clients\c\samples\debug\.netframework,version=v4.0.assemblyattributes.asm
c:\mqtt\sdkroot\sdk\clients\c\samples\debug\mqttv3sample.exe
c:\mqtt\sdkroot\sdk\clients\c\samples\debug\mqttv3sample.pdb
c:\mqtt\sdkroot\sdk\clients\c\samples\debug\mqttv3sample.tlog\metagen.write.1.tlog
c:\mqtt\sdkroot\sdk\clients\c\samples\debug\mysql.data.dll
c:\mqtt\sdkroot\sdk\clients\c\samples\debug\mqttv3sample.res
c:\mqtt\sdkroot\sdk\clients\c\samples\debug\mqttv3sample.exe.metagen
c:\mqtt\sdkroot\sdk\clients\c\samples\debug\mqttv3sample.tlog\cl.command.1.tlog
c:\mqtt\sdkroot\sdk\clients\c\samples\debug\mqttv3sample.tlog\cl.read.1.tlog
c:\mqtt\sdkroot\sdk\clients\c\samples\debug\mqttv3sample.tlog\cl.write.1.tlog
c:\mqtt\sdkroot\sdk\clients\c\samples\debug\mqttv3sample.tlog\link.command.1.tlog
c:\mqtt\sdkroot\sdk\clients\c\samples\debug\mqttv3sample.tlog\link.read.1.tlog
c:\mqtt\sdkroot\sdk\clients\c\samples\debug\mqttv3sample.tlog\link.write.1.tlog
c:\mqtt\sdkroot\sdk\clients\c\samples\debug\mqttv3sample.tlog\metagen.read.1.tlog
c:\mqtt\sdkroot\sdk\clients\c\samples\debug\mqttv3sample.tlog\mqttv3sample.write.1u.tlog
c:\mqtt\sdkroot\sdk\clients\c\samples\debug\mqttv3sample.tlog\rc.command.1.tlog
c:\mqtt\sdkroot\sdk\clients\c\samples\debug\mqttv3sample.tlog\rc.read.1.tlog
c:\mqtt\sdkroot\sdk\clients\c\samples\debug\mqttv3sample.tlog\rc.write.1.tlog
c:\mqtt\sdkroot\sdk\clients\c\samples\debug\mqttv3sample.tlog\mysql.data.dll.metagen
c:\mqtt\sdkroot\sdk\clients\c\samples\debug\mqttv3sample.tlog\rsaenh.dll.bi
c:\mqtt\sdkroot\sdk\clients\c\samples\debug\mqttv3sample.tlog\tzres.dll.bi
